This is pdfTeX, Version 3.141592653-2.6-1.40.25 (MiKTeX 24.1) (preloaded format=pdflatex 2025.3.11)  29 OCT 2025 23:57
entering extended mode
 restricted \write18 enabled.
 file:line:error style messages enabled.
 %&-line parsing enabled.
**c:/Users/kevp9/Documents/GitHub/che260/firstlawlab/report.tex
(c:/Users/kevp9/Documents/GitHub/che260/firstlawlab/report.tex
LaTeX2e <2023-11-01> patch level 1
L3 programming layer <2024-01-04>
(C:\Users\kevp9\AppData\Local\Programs\MiKTeX\tex/latex/base\article.cls
Document Class: article 2023/05/17 v1.4n Standard LaTeX document class
(C:\Users\kevp9\AppData\Local\Programs\MiKTeX\tex/latex/base\size12.clo
File: size12.clo 2023/05/17 v1.4n Standard LaTeX file (size option)
)
\c@part=\count187
\c@section=\count188
\c@subsection=\count189
\c@subsubsection=\count190
\c@paragraph=\count191
\c@subparagraph=\count192
\c@figure=\count193
\c@table=\count194
\abovecaptionskip=\skip48
\belowcaptionskip=\skip49
\bibindent=\dimen140
) (C:\Users\kevp9\AppData\Local\Programs\MiKTeX\tex/latex/geometry\geometry.sty
Package: geometry 2020/01/02 v5.9 Page Geometry
 (C:\Users\kevp9\AppData\Local\Programs\MiKTeX\tex/latex/graphics\keyval.sty
Package: keyval 2022/05/29 v1.15 key=value parser (DPC)
\KV@toks@=\toks17
) (C:\Users\kevp9\AppData\Local\Programs\MiKTeX\tex/generic/iftex\ifvtex.sty
Package: ifvtex 2019/10/25 v1.7 ifvtex legacy package. Use iftex instead.
 (C:\Users\kevp9\AppData\Local\Programs\MiKTeX\tex/generic/iftex\iftex.sty
Package: iftex 2022/02/03 v1.0f TeX engine tests
))
\Gm@cnth=\count195
\Gm@cntv=\count196
\c@Gm@tempcnt=\count197
\Gm@bindingoffset=\dimen141
\Gm@wd@mp=\dimen142
\Gm@odd@mp=\dimen143
\Gm@even@mp=\dimen144
\Gm@layoutwidth=\dimen145
\Gm@layoutheight=\dimen146
\Gm@layouthoffset=\dimen147
\Gm@layoutvoffset=\dimen148
\Gm@dimlist=\toks18
 (C:\Users\kevp9\AppData\Local\Programs\MiKTeX\tex/latex/geometry\geometry.cfg)) (C:\Users\kevp9\AppData\Local\Programs\MiKTeX\tex/latex/setspace\setspace.sty
Package: setspace 2022/12/04 v6.7b set line spacing
) (C:\Users\kevp9\AppData\Local\Programs\MiKTeX\tex/latex/graphics\graphicx.sty
Package: graphicx 2021/09/16 v1.2d Enhanced LaTeX Graphics (DPC,SPQR)
 (C:\Users\kevp9\AppData\Local\Programs\MiKTeX\tex/latex/graphics\graphics.sty
Package: graphics 2022/03/10 v1.4e Standard LaTeX Graphics (DPC,SPQR)
 (C:\Users\kevp9\AppData\Local\Programs\MiKTeX\tex/latex/graphics\trig.sty
Package: trig 2021/08/11 v1.11 sin cos tan (DPC)
) (C:\Users\kevp9\AppData\Local\Programs\MiKTeX\tex/latex/graphics-cfg\graphics.cfg
File: graphics.cfg 2016/06/04 v1.11 sample graphics configuration
)
Package graphics Info: Driver file: pdftex.def on input line 107.
 (C:\Users\kevp9\AppData\Local\Programs\MiKTeX\tex/latex/graphics-def\pdftex.def
File: pdftex.def 2022/09/22 v1.2b Graphics/color driver for pdftex
))
\Gin@req@height=\dimen149
\Gin@req@width=\dimen150
) (C:\Users\kevp9\AppData\Local\Programs\MiKTeX\tex/latex/amsmath\amsmath.sty
Package: amsmath 2023/05/13 v2.17o AMS math features
\@mathmargin=\skip50

For additional information on amsmath, use the `?' option.
(C:\Users\kevp9\AppData\Local\Programs\MiKTeX\tex/latex/amsmath\amstext.sty
Package: amstext 2021/08/26 v2.01 AMS text
 (C:\Users\kevp9\AppData\Local\Programs\MiKTeX\tex/latex/amsmath\amsgen.sty
File: amsgen.sty 1999/11/30 v2.0 generic functions
\@emptytoks=\toks19
\ex@=\dimen151
)) (C:\Users\kevp9\AppData\Local\Programs\MiKTeX\tex/latex/amsmath\amsbsy.sty
Package: amsbsy 1999/11/29 v1.2d Bold Symbols
\pmbraise@=\dimen152
) (C:\Users\kevp9\AppData\Local\Programs\MiKTeX\tex/latex/amsmath\amsopn.sty
Package: amsopn 2022/04/08 v2.04 operator names
)
\inf@bad=\count198
LaTeX Info: Redefining \frac on input line 234.
\uproot@=\count199
\leftroot@=\count266
LaTeX Info: Redefining \overline on input line 399.
LaTeX Info: Redefining \colon on input line 410.
\classnum@=\count267
\DOTSCASE@=\count268
LaTeX Info: Redefining \ldots on input line 496.
LaTeX Info: Redefining \dots on input line 499.
LaTeX Info: Redefining \cdots on input line 620.
\Mathstrutbox@=\box51
\strutbox@=\box52
LaTeX Info: Redefining \big on input line 722.
LaTeX Info: Redefining \Big on input line 723.
LaTeX Info: Redefining \bigg on input line 724.
LaTeX Info: Redefining \Bigg on input line 725.
\big@size=\dimen153
LaTeX Font Info:    Redeclaring font encoding OML on input line 743.
LaTeX Font Info:    Redeclaring font encoding OMS on input line 744.
\macc@depth=\count269
LaTeX Info: Redefining \bmod on input line 905.
LaTeX Info: Redefining \pmod on input line 910.
LaTeX Info: Redefining \smash on input line 940.
LaTeX Info: Redefining \relbar on input line 970.
LaTeX Info: Redefining \Relbar on input line 971.
\c@MaxMatrixCols=\count270
\dotsspace@=\muskip16
\c@parentequation=\count271
\dspbrk@lvl=\count272
\tag@help=\toks20
\row@=\count273
\column@=\count274
\maxfields@=\count275
\andhelp@=\toks21
\eqnshift@=\dimen154
\alignsep@=\dimen155
\tagshift@=\dimen156
\tagwidth@=\dimen157
\totwidth@=\dimen158
\lineht@=\dimen159
\@envbody=\toks22
\multlinegap=\skip51
\multlinetaggap=\skip52
\mathdisplay@stack=\toks23
LaTeX Info: Redefining \[ on input line 2953.
LaTeX Info: Redefining \] on input line 2954.
) (C:\Users\kevp9\AppData\Local\Programs\MiKTeX\tex/latex/siunitx\siunitx.sty
Package: siunitx 2025-07-09 v3.4.14 A comprehensive (SI) units package
\l__siunitx_number_uncert_offset_int=\count276
\l__siunitx_number_exponent_fixed_int=\count277
\l__siunitx_number_min_decimal_int=\count278
\l__siunitx_number_min_integer_int=\count279
\l__siunitx_number_round_precision_int=\count280
\l__siunitx_number_lower_threshold_int=\count281
\l__siunitx_number_upper_threshold_int=\count282
\l__siunitx_number_group_first_int=\count283
\l__siunitx_number_group_size_int=\count284
\l__siunitx_number_group_minimum_int=\count285
\l__siunitx_angle_tmp_dim=\dimen160
\l__siunitx_angle_marker_box=\box53
\l__siunitx_angle_unit_box=\box54
\l__siunitx_compound_count_int=\count286
 (C:\Users\kevp9\AppData\Local\Programs\MiKTeX\tex/latex/translations\translations.sty
Package: translations 2022/02/05 v1.12 internationalization of LaTeX2e packages (CN)
 (C:\Users\kevp9\AppData\Local\Programs\MiKTeX\tex/latex/etoolbox\etoolbox.sty
Package: etoolbox 2020/10/05 v2.5k e-TeX tools for LaTeX (JAW)
\etb@tempcnta=\count287
) (C:\Users\kevp9\AppData\Local\Programs\MiKTeX\tex/generic/pdftexcmds\pdftexcmds.sty
Package: pdftexcmds 2020-06-27 v0.33 Utility functions of pdfTeX for LuaTeX (HO)
 (C:\Users\kevp9\AppData\Local\Programs\MiKTeX\tex/generic/infwarerr\infwarerr.sty
Package: infwarerr 2019/12/03 v1.5 Providing info/warning/error messages (HO)
) (C:\Users\kevp9\AppData\Local\Programs\MiKTeX\tex/generic/ltxcmds\ltxcmds.sty
Package: ltxcmds 2023-12-04 v1.26 LaTeX kernel commands for general use (HO)
)
Package pdftexcmds Info: \pdf@primitive is available.
Package pdftexcmds Info: \pdf@ifprimitive is available.
Package pdftexcmds Info: \pdfdraftmode found.
))
\l__siunitx_table_tmp_box=\box55
\l__siunitx_table_tmp_dim=\dimen161
\l__siunitx_table_column_width_dim=\dimen162
\l__siunitx_table_integer_box=\box56
\l__siunitx_table_decimal_box=\box57
\l__siunitx_table_uncert_box=\box58
\l__siunitx_table_before_box=\box59
\l__siunitx_table_after_box=\box60
\l__siunitx_table_before_dim=\dimen163
\l__siunitx_table_carry_dim=\dimen164
\l__siunitx_unit_tmp_int=\count288
\l__siunitx_unit_position_int=\count289
\l__siunitx_unit_total_int=\count290
 (C:\Users\kevp9\AppData\Local\Programs\MiKTeX\tex/latex/tools\array.sty
Package: array 2023/10/16 v2.5g Tabular extension package (FMi)
\col@sep=\dimen165
\ar@mcellbox=\box61
\extrarowheight=\dimen166
\NC@list=\toks24
\extratabsurround=\skip53
\backup@length=\skip54
\ar@cellbox=\box62
)) (C:\Users\kevp9\AppData\Local\Programs\MiKTeX\tex/latex/booktabs\booktabs.sty
Package: booktabs 2020/01/12 v1.61803398 Publication quality tables
\heavyrulewidth=\dimen167
\lightrulewidth=\dimen168
\cmidrulewidth=\dimen169
\belowrulesep=\dimen170
\belowbottomsep=\dimen171
\aboverulesep=\dimen172
\abovetopsep=\dimen173
\cmidrulesep=\dimen174
\cmidrulekern=\dimen175
\defaultaddspace=\dimen176
\@cmidla=\count291
\@cmidlb=\count292
\@aboverulesep=\dimen177
\@belowrulesep=\dimen178
\@thisruleclass=\count293
\@lastruleclass=\count294
\@thisrulewidth=\dimen179
) (C:\Users\kevp9\AppData\Local\Programs\MiKTeX\tex/latex/caption\caption.sty
Package: caption 2023/08/05 v3.6o Customizing captions (AR)
 (C:\Users\kevp9\AppData\Local\Programs\MiKTeX\tex/latex/caption\caption3.sty
Package: caption3 2023/07/31 v2.4d caption3 kernel (AR)
\caption@tempdima=\dimen180
\captionmargin=\dimen181
\caption@leftmargin=\dimen182
\caption@rightmargin=\dimen183
\caption@width=\dimen184
\caption@indent=\dimen185
\caption@parindent=\dimen186
\caption@hangindent=\dimen187
Package caption Info: Standard document class detected.
)
\c@caption@flags=\count295
\c@continuedfloat=\count296
) (C:\Users\kevp9\AppData\Local\Programs\MiKTeX\tex/latex/url\url.sty
\Urlmuskip=\muskip17
Package: url 2013/09/16  ver 3.4  Verb mode for urls, etc.
) (C:\Users\kevp9\AppData\Local\Programs\MiKTeX\tex/latex/float\float.sty
Package: float 2001/11/08 v1.3d Float enhancements (AL)
\c@float@type=\count297
\float@exts=\toks25
\float@box=\box63
\@float@everytoks=\toks26
\@floatcapt=\box64
) (C:\Users\kevp9\AppData\Local\Programs\MiKTeX\tex/latex/xcolor\xcolor.sty
Package: xcolor 2023/11/15 v3.01 LaTeX color extensions (UK)
 (C:\Users\kevp9\AppData\Local\Programs\MiKTeX\tex/latex/graphics-cfg\color.cfg
File: color.cfg 2016/01/02 v1.6 sample color configuration
)
Package xcolor Info: Driver file: pdftex.def on input line 274.
 (C:\Users\kevp9\AppData\Local\Programs\MiKTeX\tex/latex/graphics\mathcolor.ltx)
Package xcolor Info: Model `cmy' substituted by `cmy0' on input line 1350.
Package xcolor Info: Model `hsb' substituted by `rgb' on input line 1354.
Package xcolor Info: Model `RGB' extended on input line 1366.
Package xcolor Info: Model `HTML' substituted by `rgb' on input line 1368.
Package xcolor Info: Model `Hsb' substituted by `hsb' on input line 1369.
Package xcolor Info: Model `tHsb' substituted by `hsb' on input line 1370.
Package xcolor Info: Model `HSB' substituted by `hsb' on input line 1371.
Package xcolor Info: Model `Gray' substituted by `gray' on input line 1372.
Package xcolor Info: Model `wave' substituted by `hsb' on input line 1373.
)
Package translations Info: No language package found. I am going to use `english' as default language. on input line 18.
 (C:\Users\kevp9\AppData\Local\Programs\MiKTeX\tex/latex/l3backend\l3backend-pdftex.def
File: l3backend-pdftex.def 2024-01-04 L3 backend support: PDF output (pdfTeX)
\l__color_backend_stack_int=\count298
\l__pdf_internal_box=\box65
) (report.aux)
\openout1 = `report.aux'.

LaTeX Font Info:    Checking defaults for OML/cmm/m/it on input line 18.
LaTeX Font Info:    ... okay on input line 18.
LaTeX Font Info:    Checking defaults for OMS/cmsy/m/n on input line 18.
LaTeX Font Info:    ... okay on input line 18.
LaTeX Font Info:    Checking defaults for OT1/cmr/m/n on input line 18.
LaTeX Font Info:    ... okay on input line 18.
LaTeX Font Info:    Checking defaults for T1/cmr/m/n on input line 18.
LaTeX Font Info:    ... okay on input line 18.
LaTeX Font Info:    Checking defaults for TS1/cmr/m/n on input line 18.
LaTeX Font Info:    ... okay on input line 18.
LaTeX Font Info:    Checking defaults for OMX/cmex/m/n on input line 18.
LaTeX Font Info:    ... okay on input line 18.
LaTeX Font Info:    Checking defaults for U/cmr/m/n on input line 18.
LaTeX Font Info:    ... okay on input line 18.

*geometry* driver: auto-detecting
*geometry* detected driver: pdftex
*geometry* verbose mode - [ preamble ] result:
* driver: pdftex
* paper: a4paper
* layout: <same size as paper>
* layoutoffset:(h,v)=(0.0pt,0.0pt)
* modes: 
* h-part:(L,W,R)=(72.26999pt, 452.9679pt, 72.26999pt)
* v-part:(T,H,B)=(72.26999pt, 700.50687pt, 72.26999pt)
* \paperwidth=597.50787pt
* \paperheight=845.04684pt
* \textwidth=452.9679pt
* \textheight=700.50687pt
* \oddsidemargin=0.0pt
* \evensidemargin=0.0pt
* \topmargin=-37.0pt
* \headheight=12.0pt
* \headsep=25.0pt
* \topskip=12.0pt
* \footskip=30.0pt
* \marginparwidth=44.0pt
* \marginparsep=10.0pt
* \columnsep=10.0pt
* \skip\footins=10.8pt plus 4.0pt minus 2.0pt
* \hoffset=0.0pt
* \voffset=0.0pt
* \mag=1000
* \@twocolumnfalse
* \@twosidefalse
* \@mparswitchfalse
* \@reversemarginfalse
* (1in=72.27pt=25.4mm, 1cm=28.453pt)

(C:\Users\kevp9\AppData\Local\Programs\MiKTeX\tex/context/base/mkii\supp-pdf.mkii
[Loading MPS to PDF converter (version 2006.09.02).]
\scratchcounter=\count299
\scratchdimen=\dimen188
\scratchbox=\box66
\nofMPsegments=\count300
\nofMParguments=\count301
\everyMPshowfont=\toks27
\MPscratchCnt=\count302
\MPscratchDim=\dimen189
\MPnumerator=\count303
\makeMPintoPDFobject=\count304
\everyMPtoPDFconversion=\toks28
) (C:\Users\kevp9\AppData\Local\Programs\MiKTeX\tex/latex/epstopdf-pkg\epstopdf-base.sty
Package: epstopdf-base 2020-01-24 v2.11 Base part for package epstopdf
Package epstopdf-base Info: Redefining graphics rule for `.eps' on input line 485.
 (C:\Users\kevp9\AppData\Local\Programs\MiKTeX\tex/latex/00miktex\epstopdf-sys.cfg
File: epstopdf-sys.cfg 2021/03/18 v2.0 Configuration of epstopdf for MiKTeX
)) (C:\Users\kevp9\AppData\Local\Programs\MiKTeX\tex/latex/translations/dicts\translations-basic-dictionary-english.trsl
File: translations-basic-dictionary-english.trsl (english translation file `translations-basic-dictionary')
)
Package translations Info: loading dictionary `translations-basic-dictionary' for `english'. on input line 18.
Package caption Info: Begin \AtBeginDocument code.
Package caption Info: float package is loaded.
Package caption Info: End \AtBeginDocument code.
 [1

{C:/Users/kevp9/AppData/Local/MiKTeX/fonts/map/pdftex/pdftex.map}] [2]
<graphs/apparatus.png, id=16, 4015.0pt x 3011.25pt>
File: graphs/apparatus.png Graphic file (type png)
<use graphs/apparatus.png>
Package pdftex.def Info: graphs/apparatus.png  used on input line 58.
(pdftex.def)             Requested size: 362.37569pt x 271.78192pt.
 [3 <./graphs/apparatus.png (PNG copy)>]
Overfull \hbox (51.98557pt too wide) in paragraph at lines 76--86
 [][] 
 []

<graphs/part1_trial_a_mass_flow.png, id=20, 784.8522pt x 569.2467pt>
File: graphs/part1_trial_a_mass_flow.png Graphic file (type png)
<use graphs/part1_trial_a_mass_flow.png>
Package pdftex.def Info: graphs/part1_trial_a_mass_flow.png  used on input line 94.
(pdftex.def)             Requested size: 385.02547pt x 279.2547pt.
[4]
<graphs/part2_trial_a_temp_heater_energy.png, id=27, 705.1143pt x 569.7285pt>
File: graphs/part2_trial_a_temp_heater_energy.png Graphic file (type png)
<use graphs/part2_trial_a_temp_heater_energy.png>
Package pdftex.def Info: graphs/part2_trial_a_temp_heater_energy.png  used on input line 104.
(pdftex.def)             Requested size: 385.02547pt x 311.10007pt.
 [5 <./graphs/part1_trial_a_mass_flow.png>]
<graphs/part2_trial_a_loss_breakdown.png, id=32, 641.7576pt x 462.0462pt>
File: graphs/part2_trial_a_loss_breakdown.png Graphic file (type png)
<use graphs/part2_trial_a_loss_breakdown.png>
Package pdftex.def Info: graphs/part2_trial_a_loss_breakdown.png  used on input line 113.
(pdftex.def)             Requested size: 385.02547pt x 277.2087pt.
 [6 <./graphs/part2_trial_a_temp_heater_energy.png>] [7 <./graphs/part2_trial_a_loss_breakdown.png>] [8] [9] [10] [11]
LaTeX Font Info:    Trying to load font information for TS1+cmtt on input line 241.
 (C:\Users\kevp9\AppData\Local\Programs\MiKTeX\tex/latex/base\ts1cmtt.fd
File: ts1cmtt.fd 2023/04/13 v2.5m Standard LaTeX font definitions
) [12]
<graphs/part1_trial_b_mass_flow.png, id=60, 786.2976pt x 569.2467pt>
File: graphs/part1_trial_b_mass_flow.png Graphic file (type png)
<use graphs/part1_trial_b_mass_flow.png>
Package pdftex.def Info: graphs/part1_trial_b_mass_flow.png  used on input line 269.
(pdftex.def)             Requested size: 385.02547pt x 278.74223pt.
<graphs/part1_trial_c_mass_flow.png, id=61, 786.2976pt x 569.2467pt>
File: graphs/part1_trial_c_mass_flow.png Graphic file (type png)
<use graphs/part1_trial_c_mass_flow.png>
Package pdftex.def Info: graphs/part1_trial_c_mass_flow.png  used on input line 275.
(pdftex.def)             Requested size: 385.02547pt x 278.74223pt.
 [13 <./graphs/part1_trial_b_mass_flow.png>]
<graphs/part1_trial_d_mass_flow.png, id=67, 786.2976pt x 569.2467pt>
File: graphs/part1_trial_d_mass_flow.png Graphic file (type png)
<use graphs/part1_trial_d_mass_flow.png>
Package pdftex.def Info: graphs/part1_trial_d_mass_flow.png  used on input line 281.
(pdftex.def)             Requested size: 385.02547pt x 278.74223pt.
<graphs/part2_trial_b_temp_heater_energy.png, id=68, 722.9409pt x 569.7285pt>
File: graphs/part2_trial_b_temp_heater_energy.png Graphic file (type png)
<use graphs/part2_trial_b_temp_heater_energy.png>
Package pdftex.def Info: graphs/part2_trial_b_temp_heater_energy.png  used on input line 289.
(pdftex.def)             Requested size: 385.02547pt x 303.42384pt.
 [14 <./graphs/part1_trial_c_mass_flow.png> <./graphs/part1_trial_d_mass_flow.png>]
<graphs/part2_trial_c_temp_heater_energy.png, id=74, 694.0329pt x 569.7285pt>
File: graphs/part2_trial_c_temp_heater_energy.png Graphic file (type png)
<use graphs/part2_trial_c_temp_heater_energy.png>
Package pdftex.def Info: graphs/part2_trial_c_temp_heater_energy.png  used on input line 295.
(pdftex.def)             Requested size: 385.02547pt x 316.07266pt.
 [15 <./graphs/part2_trial_b_temp_heater_energy.png>]
<graphs/part2_trial_d_temp_heater_energy.png, id=79, 711.3777pt x 569.7285pt>
File: graphs/part2_trial_d_temp_heater_energy.png Graphic file (type png)
<use graphs/part2_trial_d_temp_heater_energy.png>
Package pdftex.def Info: graphs/part2_trial_d_temp_heater_energy.png  used on input line 301.
(pdftex.def)             Requested size: 385.02547pt x 308.35297pt.
<graphs/part2_trial_b_heater_maintenance.png, id=80, 720.7728pt x 714.2685pt>
File: graphs/part2_trial_b_heater_maintenance.png Graphic file (type png)
<use graphs/part2_trial_b_heater_maintenance.png>
Package pdftex.def Info: graphs/part2_trial_b_heater_maintenance.png  used on input line 310.
(pdftex.def)             Requested size: 385.02547pt x 381.55768pt.
 [16 <./graphs/part2_trial_c_temp_heater_energy.png> <./graphs/part2_trial_d_temp_heater_energy.png>]
<graphs/part2_trial_c_heater_maintenance.png, id=86, 715.473pt x 714.5094pt>
File: graphs/part2_trial_c_heater_maintenance.png Graphic file (type png)
<use graphs/part2_trial_c_heater_maintenance.png>
Package pdftex.def Info: graphs/part2_trial_c_heater_maintenance.png  used on input line 316.
(pdftex.def)             Requested size: 385.02547pt x 384.49922pt.
 [17 <./graphs/part2_trial_b_heater_maintenance.png>]
<graphs/part2_trial_d_heater_maintenance.png, id=91, 715.473pt x 714.2685pt>
File: graphs/part2_trial_d_heater_maintenance.png Graphic file (type png)
<use graphs/part2_trial_d_heater_maintenance.png>
Package pdftex.def Info: graphs/part2_trial_d_heater_maintenance.png  used on input line 322.
(pdftex.def)             Requested size: 385.02547pt x 384.36958pt.
 [18 <./graphs/part2_trial_c_heater_maintenance.png>]
<graphs/part2_trial_b_loss_breakdown.png, id=96, 641.5167pt x 462.0462pt>
File: graphs/part2_trial_b_loss_breakdown.png Graphic file (type png)
<use graphs/part2_trial_b_loss_breakdown.png>
Package pdftex.def Info: graphs/part2_trial_b_loss_breakdown.png  used on input line 330.
(pdftex.def)             Requested size: 385.02547pt x 277.31445pt.
 [19 <./graphs/part2_trial_d_heater_maintenance.png>]
<graphs/part2_trial_c_loss_breakdown.png, id=102, 641.7576pt x 462.0462pt>
File: graphs/part2_trial_c_loss_breakdown.png Graphic file (type png)
<use graphs/part2_trial_c_loss_breakdown.png>
Package pdftex.def Info: graphs/part2_trial_c_loss_breakdown.png  used on input line 336.
(pdftex.def)             Requested size: 385.02547pt x 277.2087pt.
<graphs/part2_trial_d_loss_breakdown.png, id=103, 641.7576pt x 462.0462pt>
File: graphs/part2_trial_d_loss_breakdown.png Graphic file (type png)
<use graphs/part2_trial_d_loss_breakdown.png>
Package pdftex.def Info: graphs/part2_trial_d_loss_breakdown.png  used on input line 342.
(pdftex.def)             Requested size: 385.02547pt x 277.2087pt.
 [20 <./graphs/part2_trial_b_loss_breakdown.png> <./graphs/part2_trial_c_loss_breakdown.png>] [21 <./graphs/part2_trial_d_loss_breakdown.png>] (report.aux)
 ***********
LaTeX2e <2023-11-01> patch level 1
L3 programming layer <2024-01-04>
 ***********
 ) 
Here is how much of TeX's memory you used:
 9235 strings out of 474486
 212731 string characters out of 5743755
 1934542 words of memory out of 5000000
 31456 multiletter control sequences out of 15000+600000
 564147 words of font info for 57 fonts, out of 8000000 for 9000
 1141 hyphenation exceptions out of 8191
 73i,13n,80p,1060b,696s stack positions out of 10000i,1000n,20000p,200000b,200000s
 <C:\Users\kevp9\AppData\Local\MiKTeX\fonts/pk/ljfour/jknappen/ec/dpi600\tctt1200.pk> <C:\Users\kevp9\AppData\Local\MiKTeX\fonts/pk/ljfour/jknappen/ec/dpi600\tcrm1200.pk><C:/Users/kevp9/AppData/Local/Programs/MiKTeX/fonts/type1/public/amsfonts/cm/cmbx12.pfb><C:/Users/kevp9/AppData/Local/Programs/MiKTeX/fonts/type1/public/amsfonts/cm/cmex10.pfb><C:/Users/kevp9/AppData/Local/Programs/MiKTeX/fonts/type1/public/amsfonts/cm/cmmi12.pfb><C:/Users/kevp9/AppData/Local/Programs/MiKTeX/fonts/type1/public/amsfonts/cm/cmmi8.pfb><C:/Users/kevp9/AppData/Local/Programs/MiKTeX/fonts/type1/public/amsfonts/cm/cmr12.pfb><C:/Users/kevp9/AppData/Local/Programs/MiKTeX/fonts/type1/public/amsfonts/cm/cmr6.pfb><C:/Users/kevp9/AppData/Local/Programs/MiKTeX/fonts/type1/public/amsfonts/cm/cmr8.pfb><C:/Users/kevp9/AppData/Local/Programs/MiKTeX/fonts/type1/public/amsfonts/cm/cmsy10.pfb><C:/Users/kevp9/AppData/Local/Programs/MiKTeX/fonts/type1/public/amsfonts/cm/cmsy8.pfb><C:/Users/kevp9/AppData/Local/Programs/MiKTeX/fonts/type1/public/amsfonts/cm/cmti12.pfb><C:/Users/kevp9/AppData/Local/Programs/MiKTeX/fonts/type1/public/amsfonts/cm/cmtt12.pfb>
Output written on report.pdf (21 pages, 25176216 bytes).
PDF statistics:
 169 PDF objects out of 1000 (max. 8388607)
 0 named destinations out of 1000 (max. 500000)
 81 words of extra memory for PDF output out of 10000 (max. 10000000)

